<0><time is: 2015:06:24 14:07:09><Connection to SQL server established.>
<1><time is: 2015:06:24 14:09:40><room 1 with sensor 1 connected>
<2><time is: 2015:06:24 14:09:41><room 1 with sensor 1 is too hot>
<3><time is: 2015:06:24 14:09:42><room 1 with sensor 1 is too hot>
<4><time is: 2015:06:24 14:09:43><room 1 with sensor 1 is too hot>
<5><time is: 2015:06:24 14:09:44><room 1 with sensor 1 is too hot>
<6><time is: 2015:06:24 14:09:45><room 1 with sensor 1 is too hot>
<7><time is: 2015:06:24 14:09:46><room 1 with sensor 1 is too hot>
<8><time is: 2015:06:24 14:09:47><room 3 with sensor 3 connected>
<9><time is: 2015:06:24 14:09:47><room 1 with sensor 1 is too hot>
<10><time is: 2015:06:24 14:09:48><room 3 with sensor 3 is too hot>
<11><time is: 2015:06:24 14:09:49><room 3 with sensor 3 is too hot>
<12><time is: 2015:06:24 14:09:50><room 3 with sensor 3 is too hot>
<13><time is: 2015:06:24 14:09:50><room 1 with sensor 1 is too cold>
<14><time is: 2015:06:24 14:09:51><room 3 with sensor 3 is too hot>
<15><time is: 2015:06:24 14:09:51><room 1 with sensor 1 is too cold>
<16><time is: 2015:06:24 14:09:52><room 3 with sensor 3 is too hot>
<17><time is: 2015:06:24 14:09:52><room 1 with sensor 1 is too cold>
<18><time is: 2015:06:24 14:09:53><room 3 with sensor 3 is too hot>
<19><time is: 2015:06:24 14:09:53><room 1 with sensor 1 is too cold>
<20><time is: 2015:06:24 14:09:54><room 3 with sensor 3 is too hot>
<21><time is: 2015:06:24 14:09:54><room 1 with sensor 1 is too cold>
<22><time is: 2015:06:24 14:09:55><room 3 with sensor 3 is too hot>
<23><time is: 2015:06:24 14:09:55><room 1 with sensor 1 is too cold>
<24><time is: 2015:06:24 14:09:56><room 3 with sensor 3 is too hot>
<25><time is: 2015:06:24 14:09:56><room 1 with sensor 1 is too cold>
<26><time is: 2015:06:24 14:09:57><room 3 with sensor 3 is too hot>
<27><time is: 2015:06:24 14:09:57><room 1 with sensor 1 is too cold>
<28><time is: 2015:06:24 14:09:58><room 3 with sensor 3 is too hot>
<29><time is: 2015:06:24 14:09:58><room 1 with sensor 1 is too cold>
<30><time is: 2015:06:24 14:09:59><room 3 with sensor 3 is too hot>
<31><time is: 2015:06:24 14:09:59><room 1 with sensor 1 is too cold>
<32><time is: 2015:06:24 14:10:00><room 3 with sensor 3 is too hot>
<33><time is: 2015:06:24 14:10:00><room 1 with sensor 1 is too cold>
<34><time is: 2015:06:24 14:10:01><room 3 with sensor 3 is too hot>
<35><time is: 2015:06:24 14:10:01><room 1 with sensor 1 is too cold>
<36><time is: 2015:06:24 14:10:02><room 3 with sensor 3 is too hot>
<37><time is: 2015:06:24 14:10:02><room 1 with sensor 1 is too cold>
<38><time is: 2015:06:24 14:10:03><room 3 with sensor 3 is too hot>
<39><time is: 2015:06:24 14:10:04><room 3 with sensor 3 is too hot>
<40><time is: 2015:06:24 14:10:05><room 3 with sensor 3 is too hot>
<41><time is: 2015:06:24 14:10:05><room 1 with sensor 1 is too cold>
<42><time is: 2015:06:24 14:10:06><room 3 with sensor 3 is too hot>
<43><time is: 2015:06:24 14:10:06><room 1 with sensor 1 is too cold>
<44><time is: 2015:06:24 14:10:07><room 3 with sensor 3 is too hot>
<45><time is: 2015:06:24 14:10:07><room 1 with sensor 1 is too cold>
<46><time is: 2015:06:24 14:10:08><room 3 with sensor 3 is too hot>
<47><time is: 2015:06:24 14:10:08><room 1 with sensor 1 is too cold>
<48><time is: 2015:06:24 14:10:09><room 3 with sensor 3 is too hot>
<49><time is: 2015:06:24 14:10:09><room 1 with sensor 1 is too cold>
<50><time is: 2015:06:24 14:10:10><room 3 with sensor 3 is too hot>
<51><time is: 2015:06:24 14:10:10><room 1 with sensor 1 is too cold>
<52><time is: 2015:06:24 14:10:11><room 3 with sensor 3 is too hot>
<53><time is: 2015:06:24 14:10:11><room 1 with sensor 1 is too cold>
<54><time is: 2015:06:24 14:10:12><room 3 with sensor 3 is too hot>
<55><time is: 2015:06:24 14:10:12><room 1 with sensor 1 is too cold>
<56><time is: 2015:06:24 14:10:13><room 3 with sensor 3 is too hot>
<57><time is: 2015:06:24 14:10:13><room 1 with sensor 1 is too cold>
<58><time is: 2015:06:24 14:10:14><room 3 with sensor 3 is too hot>
<59><time is: 2015:06:24 14:10:14><room 1 with sensor 1 is too cold>
<60><time is: 2015:06:24 14:10:15><room 3 with sensor 3 is too hot>
<61><time is: 2015:06:24 14:10:15><room 1 with sensor 1 is too cold>
<62><time is: 2015:06:24 14:10:16><room 3 with sensor 3 is too hot>
<63><time is: 2015:06:24 14:10:16><room 1 with sensor 1 is too cold>
<64><time is: 2015:06:24 14:10:17><room 3 with sensor 3 is too hot>
<65><time is: 2015:06:24 14:10:17><room 1 with sensor 1 is too cold>
<66><time is: 2015:06:24 14:10:18><room 3 with sensor 3 is too hot>
<67><time is: 2015:06:24 14:10:18><room 1 with sensor 1 is too cold>
<68><time is: 2015:06:24 14:10:19><room 3 with sensor 3 is too hot>
<69><time is: 2015:06:24 14:10:19><room 1 with sensor 1 is too cold>
<70><time is: 2015:06:24 14:10:20><room 3 with sensor 3 is too hot>
<71><time is: 2015:06:24 14:10:20><room 1 with sensor 1 is too cold>
<72><time is: 2015:06:24 14:10:21><room 3 with sensor 3 is too hot>
<73><time is: 2015:06:24 14:10:21><room 1 with sensor 1 is too cold>
<74><time is: 2015:06:24 14:10:22><room 3 with sensor 3 is too hot>
<75><time is: 2015:06:24 14:10:22><room 1 with sensor 1 is too cold>
<76><time is: 2015:06:24 14:10:23><room 3 with sensor 3 is too hot>
<77><time is: 2015:06:24 14:10:23><room 1 with sensor 1 is too cold>
<78><time is: 2015:06:24 14:10:24><room 3 with sensor 3 is too hot>
<79><time is: 2015:06:24 14:10:24><room 1 with sensor 1 is too cold>
<80><time is: 2015:06:24 14:10:25><room 3 with sensor 3 is too hot>
<81><time is: 2015:06:24 14:10:25><room 1 with sensor 1 is too cold>
<82><time is: 2015:06:24 14:10:26><room 3 with sensor 3 is too hot>
<83><time is: 2015:06:24 14:10:26><room 1 with sensor 1 is too cold>
<84><time is: 2015:06:24 14:10:27><room 3 with sensor 3 is too hot>
<85><time is: 2015:06:24 14:10:27><room 1 with sensor 1 is too cold>
<86><time is: 2015:06:24 14:10:28><room 3 with sensor 3 is too hot>
<87><time is: 2015:06:24 14:10:28><room 1 with sensor 1 is too cold>
<88><time is: 2015:06:24 14:10:29><room 3 with sensor 3 is too hot>
<89><time is: 2015:06:24 14:10:29><room 1 with sensor 1 is too cold>
<90><time is: 2015:06:24 14:10:30><room 3 with sensor 3 is too hot>
<91><time is: 2015:06:24 14:10:30><room 1 with sensor 1 is too cold>
<92><time is: 2015:06:24 14:10:31><room 3 with sensor 3 is too hot>
<93><time is: 2015:06:24 14:10:31><room 1 with sensor 1 is too cold>
<94><time is: 2015:06:24 14:10:32><room 3 with sensor 3 is too hot>
<95><time is: 2015:06:24 14:10:32><room 1 with sensor 1 is too cold>
<96><time is: 2015:06:24 14:10:33><room 3 with sensor 3 is too hot>
<97><time is: 2015:06:24 14:10:33><room 1 with sensor 1 is too cold>
<98><time is: 2015:06:24 14:10:34><room 3 with sensor 3 is too hot>
<99><time is: 2015:06:24 14:10:34><room 1 with sensor 1 is too cold>
<100><time is: 2015:06:24 14:10:35><room 3 with sensor 3 is too hot>
<101><time is: 2015:06:24 14:10:35><room 1 with sensor 1 is too cold>
<102><time is: 2015:06:24 14:10:36><room 3 with sensor 3 is too hot>
<103><time is: 2015:06:24 14:10:36><room 1 with sensor 1 is too cold>
<104><time is: 2015:06:24 14:10:37><room 3 with sensor 3 is too hot>
<105><time is: 2015:06:24 14:10:37><room 1 with sensor 1 is too cold>
<106><time is: 2015:06:24 14:10:38><room 3 with sensor 3 is too hot>
<107><time is: 2015:06:24 14:10:38><room 1 with sensor 1 is too cold>
<108><time is: 2015:06:24 14:10:39><room 3 with sensor 3 is too hot>
<109><time is: 2015:06:24 14:10:39><room 1 with sensor 1 is too cold>
<110><time is: 2015:06:24 14:10:40><room 3 with sensor 3 is too hot>
<111><time is: 2015:06:24 14:10:40><room 1 with sensor 1 is too cold>
<112><time is: 2015:06:24 14:10:41><room 3 with sensor 3 is too hot>
<113><time is: 2015:06:24 14:10:41><room 1 with sensor 1 is too cold>
<114><time is: 2015:06:24 14:10:42><room 3 with sensor 3 is too hot>
<115><time is: 2015:06:24 14:10:42><room 1 with sensor 1 is too cold>
<116><time is: 2015:06:24 14:10:43><room 3 with sensor 3 is too hot>
<117><time is: 2015:06:24 14:10:43><room 1 with sensor 1 is too cold>
<118><time is: 2015:06:24 14:10:44><room 3 with sensor 3 is too hot>
<119><time is: 2015:06:24 14:10:44><room 1 with sensor 1 is too cold>
<120><time is: 2015:06:24 14:10:45><room 3 with sensor 3 is too hot>
<121><time is: 2015:06:24 14:10:45><room 1 with sensor 1 is too cold>
<122><time is: 2015:06:24 14:10:46><room 3 with sensor 3 is too hot>
<123><time is: 2015:06:24 14:10:46><room 1 with sensor 1 is too cold>
<124><time is: 2015:06:24 14:10:47><room 3 with sensor 3 is too hot>
<125><time is: 2015:06:24 14:10:47><room 1 with sensor 1 is too cold>
<126><time is: 2015:06:24 14:10:48><room 3 with sensor 3 is too hot>
<127><time is: 2015:06:24 14:10:48><room 1 with sensor 1 is too cold>
<128><time is: 2015:06:24 14:10:49><room 3 with sensor 3 is too hot>
<129><time is: 2015:06:24 14:10:49><room 1 with sensor 1 is too cold>
<130><time is: 2015:06:24 14:10:50><room 3 with sensor 3 is too hot>
<131><time is: 2015:06:24 14:10:50><room 1 with sensor 1 is too cold>
<132><time is: 2015:06:24 14:10:51><room 3 with sensor 3 is too hot>
<133><time is: 2015:06:24 14:10:51><room 1 with sensor 1 is too cold>
<134><time is: 2015:06:24 14:10:52><room 3 with sensor 3 is too hot>
<135><time is: 2015:06:24 14:10:52><room 1 with sensor 1 is too cold>
<136><time is: 2015:06:24 14:10:53><room 3 with sensor 3 is too hot>
<137><time is: 2015:06:24 14:10:53><room 1 with sensor 1 is too cold>
<138><time is: 2015:06:24 14:10:54><room 3 with sensor 3 is too hot>
<139><time is: 2015:06:24 14:10:54><room 1 with sensor 1 is too cold>
<140><time is: 2015:06:24 14:10:55><room 3 with sensor 3 is too hot>
<141><time is: 2015:06:24 14:10:55><room 1 with sensor 1 is too cold>
<142><time is: 2015:06:24 14:10:56><room 3 with sensor 3 is too hot>
<143><time is: 2015:06:24 14:10:56><room 1 with sensor 1 is too cold>
<144><time is: 2015:06:24 14:10:57><room 3 with sensor 3 is too hot>
<145><time is: 2015:06:24 14:10:57><room 1 with sensor 1 is too cold>
<146><time is: 2015:06:24 14:10:58><room 3 with sensor 3 is too hot>
<147><time is: 2015:06:24 14:10:58><room 1 with sensor 1 is too cold>
<148><time is: 2015:06:24 14:10:59><room 3 with sensor 3 is too hot>
<149><time is: 2015:06:24 14:10:59><room 1 with sensor 1 is too cold>
<150><time is: 2015:06:24 14:11:00><room 3 with sensor 3 is too hot>
<151><time is: 2015:06:24 14:11:00><room 1 with sensor 1 is too cold>
<152><time is: 2015:06:24 14:11:01><room 3 with sensor 3 is too hot>
<153><time is: 2015:06:24 14:11:01><room 1 with sensor 1 is too cold>
<154><time is: 2015:06:24 14:11:02><room 3 with sensor 3 is too hot>
<155><time is: 2015:06:24 14:11:02><room 1 with sensor 1 is too cold>
<156><time is: 2015:06:24 14:11:03><room 3 with sensor 3 is too hot>
<157><time is: 2015:06:24 14:11:03><room 1 with sensor 1 is too cold>
<158><time is: 2015:06:24 14:11:04><room 3 with sensor 3 is too hot>
<159><time is: 2015:06:24 14:11:04><room 1 with sensor 1 is too cold>
<160><time is: 2015:06:24 14:11:05><room 3 with sensor 3 is too hot>
<161><time is: 2015:06:24 14:11:05><room 3 with sensor 3 lost connection>
<162><time is: 2015:06:24 14:11:05><room 1 with sensor 1 is too cold>
<163><time is: 2015:06:24 14:11:07><room 0 with sensor 1 is too cold>
<164><time is: 2015:06:24 14:11:08><room 0 with sensor 1 is too cold>
<165><time is: 2015:06:24 14:11:09><Connection to SQL server losted.>
